<?xml version="1.0" encoding="UTF-8"?>
<testsuite xmlns:xsi="http://www.w3.org/2001/XMLSchema-instance" xsi:noNamespaceSchemaLocation="https://maven.apache.org/surefire/maven-surefire-plugin/xsd/surefire-test-report-3.0.xsd" version="3.0" name="com.example.path_finding_test.BfsDfsTest" time="0.112" tests="6" errors="0" skipped="0" failures="0">
  <properties>
[...]
</properties>
  <testcase name="testingDFS_Final1" classname="com.example.path_finding_test.BfsDfsTest" time="0.055">
    <system-out><![CDATA[No solution exists.
[]
]]></system-out>
  </testcase>
  <testcase name="testingBFS_Final1" classname="com.example.path_finding_test.BfsDfsTest" time="0.009">
    <system-out><![CDATA[no solution exists
[]
]]></system-out>
  </testcase>
  <testcase name="testingDFS2_Final1" classname="com.example.path_finding_test.BfsDfsTest" time="0.004">
    <system-out><![CDATA[no solution exists
[]
]]></system-out>
  </testcase>
  <testcase name="testingBFS_Final" classname="com.example.path_finding_test.BfsDfsTest" time="0.004">
    <system-out><![CDATA[[[0, 0], [1, 0], [2, 0], [3, 0], [4, 1], [4, 2], [5, 3], [5, 4]]
[[0, 0], [1, 0], [2, 0], [3, 0], [4, 1], [4, 2], [5, 3], [5, 4]]
]]></system-out>
  </testcase>
  <testcase name="testingDFS_Final" classname="com.example.path_finding_test.BfsDfsTest" time="0.004">
    <system-out><![CDATA[[[0,0], [1,0], [2,0], [3,0], [4,1], [3,2], [4,2], [5,3], [4,4], [5,4]]
[[0, 0], [1, 0], [2, 0], [3, 0], [4, 1], [3, 2], [4, 2], [5, 3], [4, 4], [5, 4]]
[[0, 0], [1, 0], [2, 0], [3, 0], [4, 1], [3, 2], [4, 2], [5, 3], [4, 4], [5, 4]]
]]></system-out>
  </testcase>
  <testcase name="testingDFS2_Final" classname="com.example.path_finding_test.BfsDfsTest" time="0.003">
    <system-out><![CDATA[[0,0]
[[0,0], [1,0], [2,0], [3,0], [4,0], [5,1], [4,1], [4,2], [3,2], [2,2], [1,2], [0,2], [0,3], [1,4], [2,4], [3,4], [4,4], [5,3], [5,4]]
[[0, 0], [1, 0], [2, 0], [3, 0], [4, 0], [5, 1], [4, 1], [4, 2], [3, 2], [2, 2], [1, 2], [0, 2], [0, 3], [1, 4], [2, 4], [3, 4], [4, 4], [5, 3], [5, 4]]
[[0, 0], [1, 0], [2, 0], [3, 0], [4, 0], [5, 1], [4, 1], [4, 2], [3, 2], [2, 2], [1, 2], [0, 2], [0, 3], [1, 4], [2, 4], [3, 4], [4, 4], [5, 3], [5, 4]]
]]></system-out>
  </testcase>
</testsuite>